  Hanoi4B.cpp
ChildrenDay.obj : error LNK2005: main이(가) Brackets2.obj에 이미 정의되어 있습니다.
Dictionary.obj : error LNK2005: main이(가) Brackets2.obj에 이미 정의되어 있습니다.
EditorWars.obj : error LNK2005: main이(가) Brackets2.obj에 이미 정의되어 있습니다.
Fortress.obj : error LNK2005: main이(가) Brackets2.obj에 이미 정의되어 있습니다.
Gallery.obj : error LNK2005: main이(가) Brackets2.obj에 이미 정의되어 있습니다.
Gallery.obj : error LNK2005: "class std::vector<bool,class std::allocator<bool> > visited" (?visited@@3V?$vector@_NV?$allocator@_N@std@@@std@@A)이(가) Dictionary.obj에 이미 정의되어 있습니다.
googleCodeJam1.obj : error LNK2005: main이(가) Brackets2.obj에 이미 정의되어 있습니다.
googleCodeJam2.obj : error LNK2005: main이(가) Brackets2.obj에 이미 정의되어 있습니다.
googleCodeJam2.obj : error LNK2005: "int n" (?n@@3HA)이(가) googleCodeJam1.obj에 이미 정의되어 있습니다.
googleCOdeJam3.obj : error LNK2005: main이(가) Brackets2.obj에 이미 정의되어 있습니다.
googleCOdeJam3.obj : error LNK2005: "int n" (?n@@3HA)이(가) googleCodeJam1.obj에 이미 정의되어 있습니다.
googleCOdeJam3.obj : error LNK2005: "class std::basic_string<char,struct std::char_traits<char>,class std::allocator<char> > result" (?result@@3V?$basic_string@DU?$char_traits@D@std@@V?$allocator@D@2@@std@@A)이(가) googleCodeJam2.obj에 이미 정의되어 있습니다.
Graduation.obj : error LNK2005: main이(가) Brackets2.obj에 이미 정의되어 있습니다.
Hanoi4B.obj : error LNK2005: main이(가) Brackets2.obj에 이미 정의되어 있습니다.
ItesInput.obj : error LNK2005: main이(가) Brackets2.obj에 이미 정의되어 있습니다.
Jaehasafe.obj : error LNK2005: main이(가) Brackets2.obj에 이미 정의되어 있습니다.
Josephus.obj : error LNK2005: main이(가) Brackets2.obj에 이미 정의되어 있습니다.
Josephus.obj : error LNK2005: "int n" (?n@@3HA)이(가) googleCodeJam1.obj에 이미 정의되어 있습니다.
MeasureTime.obj : error LNK2005: main이(가) Brackets2.obj에 이미 정의되어 있습니다.
MeetingRoom.obj : error LNK2005: main이(가) Brackets2.obj에 이미 정의되어 있습니다.
Mordor.obj : error LNK2005: main이(가) Brackets2.obj에 이미 정의되어 있습니다.
RunningMedian.obj : error LNK2005: main이(가) Brackets2.obj에 이미 정의되어 있습니다.
SoLong.obj : error LNK2005: "int __cdecl toNumber(char)" (?toNumber@@YAHD@Z)이(가) NH.obj에 이미 정의되어 있습니다.
SoLong.obj : error LNK2005: main이(가) Brackets2.obj에 이미 정의되어 있습니다.
SortingGame.obj : error LNK2005: main이(가) Brackets2.obj에 이미 정의되어 있습니다.
Traversal.obj : error LNK2005: main이(가) Brackets2.obj에 이미 정의되어 있습니다.
Traversal.obj : error LNK2005: "int n" (?n@@3HA)이(가) googleCodeJam1.obj에 이미 정의되어 있습니다.
Traversal_re.obj : error LNK2005: main이(가) Brackets2.obj에 이미 정의되어 있습니다.
Treap.obj : error LNK2005: main이(가) Brackets2.obj에 이미 정의되어 있습니다.
TSP.obj : error LNK2005: main이(가) Brackets2.obj에 이미 정의되어 있습니다.
TSP.obj : error LNK2005: "int n" (?n@@3HA)이(가) googleCodeJam1.obj에 이미 정의되어 있습니다.
WordChain.obj : error LNK2005: main이(가) Brackets2.obj에 이미 정의되어 있습니다.
C:\Users\Praivesi\Documents\Visual Studio 2017\Projects\Algo\x64\Debug\Algo.exe : fatal error LNK1169: 여러 번 정의된 기호가 있습니다.
