c:\users\praivesi\source\repos\algo\algo\debug\vc141.pdb
c:\users\praivesi\source\repos\algo\algo\debug\vc141.idb
c:\users\praivesi\source\repos\algo\algo\debug\tsp.obj
c:\users\praivesi\source\repos\algo\algo\debug\clocksync.obj
c:\users\praivesi\source\repos\algo\algo\debug\boardcover.obj
c:\users\praivesi\source\repos\algo\algo\debug\mergesort.obj
c:\users\praivesi\source\repos\algo\algo\debug\quicksort.obj
c:\users\praivesi\source\repos\algo\algo\debug\multiply.obj
c:\users\praivesi\source\repos\algo\algo\debug\karatsubagenerator.obj
c:\users\praivesi\source\repos\algo\algo\debug\karatsuba.obj
c:\users\praivesi\source\repos\algo\algo\debug\normalmultiplier.obj
c:\users\praivesi\source\repos\algo\algo\debug\fence.obj
c:\users\praivesi\source\repos\algo\algo\debug\fanmeeting.obj
c:\users\praivesi\source\repos\algo\debug\algo.exe
c:\users\praivesi\source\repos\algo\debug\algo.ilk
c:\users\praivesi\source\repos\algo\debug\algo.pdb
c:\users\praivesi\source\repos\algo\algo\debug\quardtree.obj
c:\users\praivesi\source\repos\algo\algo\debug\quicksort.obj.enc
c:\users\praivesi\source\repos\algo\algo\debug\algo.tlog\cl.command.1.tlog
c:\users\praivesi\source\repos\algo\algo\debug\algo.tlog\cl.read.1.tlog
c:\users\praivesi\source\repos\algo\algo\debug\algo.tlog\cl.write.1.tlog
c:\users\praivesi\source\repos\algo\algo\debug\algo.tlog\link.command.1.tlog
c:\users\praivesi\source\repos\algo\algo\debug\algo.tlog\link.read.1.tlog
c:\users\praivesi\source\repos\algo\algo\debug\algo.tlog\link.write.1.tlog
